  PluginMain.cpp
  MayaPushPullPPCmd.cpp
D:\Visual Studio Community 2017\Common7\IDE\VC\VCTargets\Microsoft.CppBuild.targets(1198,5): warning MSB8012: TargetPath(E:\Documents\CIS-660\authoring tool\maya_pushpull++_PtII\maya_pushpull++\maya_pushpull++\Win32\Release\maya_pushpull++.dll) does not match the Linker's OutputFile property value (E:\Documents\CIS-660\authoring tool\maya_pushpull++_PtII\maya_pushpull++\maya_pushpull++\MayaPushPullPP.mll). This may cause your project to build incorrectly. To correct this, please make sure that $(OutDir), $(TargetName) and $(TargetExt) property values match the value specified in %(Link.OutputFile).
D:\Visual Studio Community 2017\Common7\IDE\VC\VCTargets\Microsoft.CppBuild.targets(1199,5): warning MSB8012: TargetExt(.dll) does not match the Linker's OutputFile property value (.mll). This may cause your project to build incorrectly. To correct this, please make sure that $(OutDir), $(TargetName) and $(TargetExt) property values match the value specified in %(Link.OutputFile).
D:\Visual Studio Community 2017\Common7\IDE\VC\VCTargets\Microsoft.CppBuild.targets(1200,5): warning MSB8012: TargetName(maya_pushpull++) does not match the Linker's OutputFile property value (MayaPushPullPP). This may cause your project to build incorrectly. To correct this, please make sure that $(OutDir), $(TargetName) and $(TargetExt) property values match the value specified in %(Link.OutputFile).
     Creating library Win32\Release\maya_pushpull++.lib and object Win32\Release\maya_pushpull++.exp
PluginMain.obj : error LNK2001: unresolved external symbol "__declspec(dllimport) public: __thiscall Autodesk::Maya::OpenMaya20180000::MObject::~MObject(void)" (__imp_??1MObject@OpenMaya20180000@Maya@Autodesk@@QAE@XZ)
PluginMain.obj : error LNK2001: unresolved external symbol "__declspec(dllimport) public: static void __cdecl Autodesk::Maya::OpenMaya20180000::MGlobal::displayInfo(class Autodesk::Maya::OpenMaya20180000::MString const &)" (__imp_?displayInfo@MGlobal@OpenMaya20180000@Maya@Autodesk@@SAXABVMString@234@@Z)
PluginMain.obj : error LNK2001: unresolved external symbol "__declspec(dllimport) public: static class Autodesk::Maya::OpenMaya20180000::MStatus __cdecl Autodesk::Maya::OpenMaya20180000::MGlobal::executeCommand(class Autodesk::Maya::OpenMaya20180000::MString const &,bool,bool)" (__imp_?executeCommand@MGlobal@OpenMaya20180000@Maya@Autodesk@@SA?AVMStatus@234@ABVMString@234@_N1@Z)
PluginMain.obj : error LNK2001: unresolved external symbol "__declspec(dllimport) public: class Autodesk::Maya::OpenMaya20180000::MStatus __thiscall Autodesk::Maya::OpenMaya20180000::MFnPlugin::registerCommand(class Autodesk::Maya::OpenMaya20180000::MString const &,void * (__cdecl*)(void),class Autodesk::Maya::OpenMaya20180000::MSyntax (__cdecl*)(void))" (__imp_?registerCommand@MFnPlugin@OpenMaya20180000@Maya@Autodesk@@QAE?AVMStatus@234@ABVMString@234@P6APAXXZP6A?AVMSyntax@234@XZ@Z)
PluginMain.obj : error LNK2001: unresolved external symbol "__declspec(dllimport) public: class Autodesk::Maya::OpenMaya20180000::MString __thiscall Autodesk::Maya::OpenMaya20180000::MFnPlugin::loadPath(class Autodesk::Maya::OpenMaya20180000::MStatus *)const " (__imp_?loadPath@MFnPlugin@OpenMaya20180000@Maya@Autodesk@@QBE?AVMString@234@PAVMStatus@234@@Z)
PluginMain.obj : error LNK2001: unresolved external symbol "__declspec(dllimport) public: virtual __thiscall Autodesk::Maya::OpenMaya20180000::MFnPlugin::~MFnPlugin(void)" (__imp_??1MFnPlugin@OpenMaya20180000@Maya@Autodesk@@UAE@XZ)
PluginMain.obj : error LNK2001: unresolved external symbol "__declspec(dllimport) public: __thiscall Autodesk::Maya::OpenMaya20180000::MFnPlugin::MFnPlugin(class Autodesk::Maya::OpenMaya20180000::MObject &,char const *,char const *,char const *,class Autodesk::Maya::OpenMaya20180000::MStatus *)" (__imp_??0MFnPlugin@OpenMaya20180000@Maya@Autodesk@@QAE@AAVMObject@123@PBD11PAVMStatus@123@@Z)
PluginMain.obj : error LNK2001: unresolved external symbol "__declspec(dllimport) public: char const * __thiscall Autodesk::Maya::OpenMaya20180000::MString::asChar(void)const " (__imp_?asChar@MString@OpenMaya20180000@Maya@Autodesk@@QBEPBDXZ)
PluginMain.obj : error LNK2001: unresolved external symbol "__declspec(dllimport) public: __thiscall Autodesk::Maya::OpenMaya20180000::MString::~MString(void)" (__imp_??1MString@OpenMaya20180000@Maya@Autodesk@@QAE@XZ)
PluginMain.obj : error LNK2001: unresolved external symbol "__declspec(dllimport) public: __thiscall Autodesk::Maya::OpenMaya20180000::MString::MString(char const *)" (__imp_??0MString@OpenMaya20180000@Maya@Autodesk@@QAE@PBD@Z)
PluginMain.obj : error LNK2001: unresolved external symbol "__declspec(dllimport) public: void __thiscall Autodesk::Maya::OpenMaya20180000::MStatus::perror(char const *)const " (__imp_?perror@MStatus@OpenMaya20180000@Maya@Autodesk@@QBEXPBD@Z)
PluginMain.obj : error LNK2001: unresolved external symbol "__declspec(dllimport) public: __thiscall Autodesk::Maya::OpenMaya20180000::MStatus::MStatus(enum Autodesk::Maya::OpenMaya20180000::MStatus::MStatusCode)" (__imp_??0MStatus@OpenMaya20180000@Maya@Autodesk@@QAE@W4MStatusCode@0123@@Z)
PluginMain.obj : error LNK2001: unresolved external symbol "__declspec(dllimport) public: class Autodesk::Maya::OpenMaya20180000::MStatus & __thiscall Autodesk::Maya::OpenMaya20180000::MStatus::operator=(class Autodesk::Maya::OpenMaya20180000::MStatus const &)" (__imp_??4MStatus@OpenMaya20180000@Maya@Autodesk@@QAEAAV0123@ABV0123@@Z)
PluginMain.obj : error LNK2001: unresolved external symbol "__declspec(dllimport) public: __thiscall Autodesk::Maya::OpenMaya20180000::MStatus::MStatus(class Autodesk::Maya::OpenMaya20180000::MStatus const &)" (__imp_??0MStatus@OpenMaya20180000@Maya@Autodesk@@QAE@ABV0123@@Z)
PluginMain.obj : error LNK2001: unresolved external symbol "__declspec(dllimport) public: __thiscall Autodesk::Maya::OpenMaya20180000::MStatus::operator bool(void)const " (__imp_??BMStatus@OpenMaya20180000@Maya@Autodesk@@QBE_NXZ)
MayaPushPullPPCmd.obj : error LNK2001: unresolved external symbol "__declspec(dllimport) public: virtual bool __thiscall Autodesk::Maya::OpenMaya20180000::MPxCommand::hasSyntax(void)const " (__imp_?hasSyntax@MPxCommand@OpenMaya20180000@Maya@Autodesk@@UBE_NXZ)
MayaPushPullPPCmd.obj : error LNK2001: unresolved external symbol "__declspec(dllimport) public: virtual bool __thiscall Autodesk::Maya::OpenMaya20180000::MPxCommand::isUndoable(void)const " (__imp_?isUndoable@MPxCommand@OpenMaya20180000@Maya@Autodesk@@UBE_NXZ)
MayaPushPullPPCmd.obj : error LNK2001: unresolved external symbol "__declspec(dllimport) public: virtual class Autodesk::Maya::OpenMaya20180000::MStatus __thiscall Autodesk::Maya::OpenMaya20180000::MPxCommand::redoIt(void)" (__imp_?redoIt@MPxCommand@OpenMaya20180000@Maya@Autodesk@@UAE?AVMStatus@234@XZ)
MayaPushPullPPCmd.obj : error LNK2001: unresolved external symbol "__declspec(dllimport) public: virtual class Autodesk::Maya::OpenMaya20180000::MStatus __thiscall Autodesk::Maya::OpenMaya20180000::MPxCommand::undoIt(void)" (__imp_?undoIt@MPxCommand@OpenMaya20180000@Maya@Autodesk@@UAE?AVMStatus@234@XZ)
MayaPushPullPPCmd.obj : error LNK2001: unresolved external symbol "__declspec(dllimport) public: virtual __thiscall Autodesk::Maya::OpenMaya20180000::MPxCommand::~MPxCommand(void)" (__imp_??1MPxCommand@OpenMaya20180000@Maya@Autodesk@@UAE@XZ)
MayaPushPullPPCmd.obj : error LNK2001: unresolved external symbol "__declspec(dllimport) public: __thiscall Autodesk::Maya::OpenMaya20180000::MPxCommand::MPxCommand(void)" (__imp_??0MPxCommand@OpenMaya20180000@Maya@Autodesk@@QAE@XZ)
.\MayaPushPullPP.mll : fatal error LNK1120: 21 unresolved externals
