e:\documents\cis-660\authoring tool\maya_pushpull++_ptii\maya_pushpull++\maya_pushpull++\x64\release\vc141.pdb
e:\documents\cis-660\authoring tool\maya_pushpull++_ptii\maya_pushpull++\maya_pushpull++\x64\release\mayapushpullppcmd.obj
e:\documents\cis-660\authoring tool\maya_pushpull++_ptii\maya_pushpull++\maya_pushpull++\x64\release\pluginmain.obj
e:\documents\cis-660\authoring tool\maya_pushpull++_ptii\maya_pushpull++\maya_pushpull++\x64\release\ppppvertex.obj
e:\documents\cis-660\authoring tool\maya_pushpull++_ptii\maya_pushpull++\maya_pushpull++\x64\release\ppppmesh.obj
e:\documents\cis-660\authoring tool\maya_pushpull++_ptii\maya_pushpull++\maya_pushpull++\x64\release\pppphalfedge.obj
e:\documents\cis-660\authoring tool\maya_pushpull++_ptii\maya_pushpull++\maya_pushpull++\x64\release\ppppface.obj
e:\documents\cis-660\authoring tool\maya_pushpull++_ptii\maya_pushpull++\x64\release\maya_pushpull++.mll
e:\documents\cis-660\authoring tool\maya_pushpull++_ptii\maya_pushpull++\x64\release\maya_pushpull++.pdb
e:\documents\cis-660\authoring tool\maya_pushpull++_ptii\maya_pushpull++\x64\release\maya_pushpull++.lib
e:\documents\cis-660\authoring tool\maya_pushpull++_ptii\maya_pushpull++\x64\release\maya_pushpull++.exp
e:\documents\cis-660\authoring tool\maya_pushpull++_ptii\maya_pushpull++\x64\release\maya_pushpull++.ipdb
e:\documents\cis-660\authoring tool\maya_pushpull++_ptii\maya_pushpull++\x64\release\maya_pushpull++.iobj
e:\documents\cis-660\authoring tool\maya_pushpull++_ptii\maya_pushpull++\maya_pushpull++\x64\release\maya_pushpull++.tlog\cl.command.1.tlog
e:\documents\cis-660\authoring tool\maya_pushpull++_ptii\maya_pushpull++\maya_pushpull++\x64\release\maya_pushpull++.tlog\cl.read.1.tlog
e:\documents\cis-660\authoring tool\maya_pushpull++_ptii\maya_pushpull++\maya_pushpull++\x64\release\maya_pushpull++.tlog\cl.write.1.tlog
e:\documents\cis-660\authoring tool\maya_pushpull++_ptii\maya_pushpull++\maya_pushpull++\x64\release\maya_pushpull++.tlog\link.command.1.tlog
e:\documents\cis-660\authoring tool\maya_pushpull++_ptii\maya_pushpull++\maya_pushpull++\x64\release\maya_pushpull++.tlog\link.delete.1.tlog
e:\documents\cis-660\authoring tool\maya_pushpull++_ptii\maya_pushpull++\maya_pushpull++\x64\release\maya_pushpull++.tlog\link.read.1.tlog
e:\documents\cis-660\authoring tool\maya_pushpull++_ptii\maya_pushpull++\maya_pushpull++\x64\release\maya_pushpull++.tlog\link.write.1.tlog
e:\documents\cis-660\authoring tool\maya_pushpull++_ptii\maya_pushpull++\maya_pushpull++\x64\release\maya_pushpull++.tlog\maya_pushpull++.write.1u.tlog
