  kmean.cpp
kmean.cpp(22): warning C4267: '=': conversion from 'size_t' to 'int', possible loss of data
kmean.cpp(94): warning C4267: 'initializing': conversion from 'size_t' to 'int', possible loss of data
kmean.cpp(124): warning C4267: 'return': conversion from 'size_t' to 'int', possible loss of data
  PluginMain.cpp
  MayaPushPullPPCmd.cpp
MayaPushPullPPCmd.cpp(65): warning C4018: '<': signed/unsigned mismatch
MayaPushPullPPCmd.cpp(76): warning C4018: '<': signed/unsigned mismatch
MayaPushPullPPCmd.cpp(84): warning C4018: '<': signed/unsigned mismatch
MayaPushPullPPCmd.cpp(90): warning C4018: '<': signed/unsigned mismatch
MayaPushPullPPCmd.cpp(107): warning C4018: '<': signed/unsigned mismatch
MayaPushPullPPCmd.cpp(110): warning C4244: '=': conversion from 'double' to 'float', possible loss of data
MayaPushPullPPCmd.cpp(112): warning C4244: '=': conversion from 'double' to 'float', possible loss of data
MayaPushPullPPCmd.cpp(114): warning C4244: '=': conversion from 'double' to 'float', possible loss of data
MayaPushPullPPCmd.cpp(116): warning C4244: '=': conversion from 'double' to 'float', possible loss of data
MayaPushPullPPCmd.cpp(118): warning C4244: '=': conversion from 'double' to 'float', possible loss of data
MayaPushPullPPCmd.cpp(120): warning C4244: '=': conversion from 'double' to 'float', possible loss of data
MayaPushPullPPCmd.cpp(122): warning C4244: '=': conversion from 'double' to 'float', possible loss of data
MayaPushPullPPCmd.cpp(124): warning C4244: '=': conversion from 'double' to 'float', possible loss of data
MayaPushPullPPCmd.cpp(126): warning C4244: '=': conversion from 'double' to 'float', possible loss of data
MayaPushPullPPCmd.cpp(128): warning C4244: '=': conversion from 'double' to 'float', possible loss of data
MayaPushPullPPCmd.cpp(132): warning C4244: '=': conversion from 'double' to 'float', possible loss of data
  PPPPFace.cpp
  PPPPHalfEdge.cpp
  PPPPMesh.cpp
e:\documents\cis-660\authoring tool\bullshit\pushpull\maya_pushpull++\Kmean.cpp(22): warning C4267: '=': conversion from 'size_t' to 'int', possible loss of data
e:\documents\cis-660\authoring tool\bullshit\pushpull\maya_pushpull++\Kmean.cpp(94): warning C4267: 'initializing': conversion from 'size_t' to 'int', possible loss of data
e:\documents\cis-660\authoring tool\bullshit\pushpull\maya_pushpull++\Kmean.cpp(124): warning C4267: 'return': conversion from 'size_t' to 'int', possible loss of data
PPPPMesh.cpp(63): warning C4018: '<': signed/unsigned mismatch
PPPPMesh.cpp(69): warning C4018: '<': signed/unsigned mismatch
PPPPMesh.cpp(116): warning C4267: 'initializing': conversion from 'size_t' to 'int', possible loss of data
PPPPMesh.cpp(117): warning C4267: 'initializing': conversion from 'size_t' to 'int', possible loss of data
PPPPMesh.cpp(683): warning C4244: 'argument': conversion from 'unsigned __int64' to 'double', possible loss of data
PPPPMesh.cpp(692): warning C4244: 'argument': conversion from 'unsigned __int64' to 'double', possible loss of data
PPPPMesh.cpp(713): warning C4244: 'argument': conversion from 'unsigned __int64' to 'double', possible loss of data
PPPPMesh.cpp(731): warning C4244: 'argument': conversion from 'unsigned __int64' to 'double', possible loss of data
PPPPMesh.cpp(779): warning C4267: 'initializing': conversion from 'size_t' to 'int', possible loss of data
PPPPMesh.cpp(792): warning C4267: 'initializing': conversion from 'size_t' to 'int', possible loss of data
PPPPMesh.cpp(805): warning C4267: 'initializing': conversion from 'size_t' to 'int', possible loss of data
PPPPMesh.cpp(1000): warning C4305: '+=': truncation from 'double' to 'float'
PPPPMesh.cpp(1109): warning C4018: '<': signed/unsigned mismatch
PPPPMesh.cpp(1540): warning C4305: '+=': truncation from 'double' to 'float'
PPPPMesh.cpp(1546): warning C4305: '+=': truncation from 'double' to 'float'
PPPPMesh.cpp(1809): warning C4267: '=': conversion from 'size_t' to 'int', possible loss of data
PPPPMesh.cpp(1829): warning C4244: '=': conversion from 'double' to 'float', possible loss of data
  PPPPVertex.cpp
     Creating library E:\Documents\CIS-660\authoring tool\bullshit\pushpull\x64\Release\maya_pushpull++.lib and object E:\Documents\CIS-660\authoring tool\bullshit\pushpull\x64\Release\maya_pushpull++.exp
  Generating code
  963 of 963 functions (100.0%) were compiled, the rest were copied from previous compilation.
    359 functions were new in current compilation
    0 functions had inline decision re-evaluated but remain unchanged
  Finished generating code
  maya_pushpull++.vcxproj -> E:\Documents\CIS-660\authoring tool\bullshit\pushpull\x64\Release\maya_pushpull++.mll
